0 info it worked if it ends with ok
1 verbose cli [ 'C:\\Program Files\\nodejs\\node.exe',
1 verbose cli   'C:\\Users\\shekharsuman\\AppData\\Roaming\\npm\\node_modules\\npm\\bin\\npm-cli.js',
1 verbose cli   'run',
1 verbose cli   'start' ]
2 info using npm@3.10.8
3 info using node@v8.11.1
4 verbose run-script [ 'prestart', 'start', 'poststart' ]
5 info lifecycle meanauthapp@1.0.0~prestart: meanauthapp@1.0.0
6 silly lifecycle meanauthapp@1.0.0~prestart: no script for prestart, continuing
7 info lifecycle meanauthapp@1.0.0~start: meanauthapp@1.0.0
8 verbose lifecycle meanauthapp@1.0.0~start: unsafe-perm in lifecycle true
9 verbose lifecycle meanauthapp@1.0.0~start: PATH: C:\Users\shekharsuman\AppData\Roaming\npm\node_modules\npm\bin\node-gyp-bin;G:\view-app\heroku\murmuring-meadow-44208\node_modules\.bin;C:\oraclexe\app\oracle\product\11.2.0\server\bin;C:\ProgramData\Oracle\Java\javapath;c:\Program Files (x86)\AMD APP\bin\x86_64;c:\Program Files (x86)\AMD APP\bin\x86;C:\Windows\system32;C:\Windows;C:\Windows\System32\Wbem;C:\Windows\System32\WindowsPowerShell\v1.0\;c:\Program Files (x86)\ATI Technologies\ATI.ACE\Core-Static;C:\Program Files\Microsoft\Web Platform Installer\;C:\Program Files (x86)\Microsoft ASP.NET\ASP.NET Web Pages\v1.0\;C:\Program Files\Microsoft SQL Server\110\Tools\Binn\;C:\Users\shekharsuman\AppData\Local\Programs\Python\Python35\Scripts\;C:\Users\shekharsuman\AppData\Local\Programs\Python\Python35\;C:\Ruby193\bin;C:\Program Files\Java\jdk1.8.0\bin;C:\Program Files\Java\jdk1.7.0_17\bin;C:\Windows\Microsoft.NET\Framework64\v4.0.30319;C:\Users\shekharsuman\AppData\Roaming\npm;C:\adb;C:\Program Files (x86)\GtkSharp\2.12\bin;C:\Program Files (x86)\Heroku\bin;C:\Program Files (x86)\git\cmd;C:\Program Files\Git\cmd;G:\view-app\automation\crome-driver;C:\Program Files\oc;C:\Program Files\nodejs\;C:\Ruby24-x64\bin;C:\Program Files\Java\jdk1.8.0\bin;C:\Program Files\Java\jdk1.7.0_17\bin;C:\Windows\Microsoft.NET\Framework64\v4.0.30319;C:\Program Files\nodejs\;C:\Program Files (x86)\Microsoft VS Code\bin;C:\Users\shekharsuman\AppData\Local\Programs\Python\Python36-32;C:\Program Files\MongoDB\Server\3.0\bin;C:\Program Files\Heroku\bin;C:\Users\shekharsuman\AppData\Local\Programs\Python\Python36-32\Scripts;C:\Users\shekharsuman\AppData\Roaming\npm
10 verbose lifecycle meanauthapp@1.0.0~start: CWD: G:\view-app\heroku\murmuring-meadow-44208
11 silly lifecycle meanauthapp@1.0.0~start: Args: [ '/d /s /c', 'node app' ]
12 silly lifecycle meanauthapp@1.0.0~start: Returned: code: 1  signal: null
13 info lifecycle meanauthapp@1.0.0~start: Failed to exec start script
14 verbose stack Error: meanauthapp@1.0.0 start: `node app`
14 verbose stack Exit status 1
14 verbose stack     at EventEmitter.<anonymous> (C:\Users\shekharsuman\AppData\Roaming\npm\node_modules\npm\lib\utils\lifecycle.js:255:16)
14 verbose stack     at emitTwo (events.js:126:13)
14 verbose stack     at EventEmitter.emit (events.js:214:7)
14 verbose stack     at ChildProcess.<anonymous> (C:\Users\shekharsuman\AppData\Roaming\npm\node_modules\npm\lib\utils\spawn.js:40:14)
14 verbose stack     at emitTwo (events.js:126:13)
14 verbose stack     at ChildProcess.emit (events.js:214:7)
14 verbose stack     at maybeClose (internal/child_process.js:925:16)
14 verbose stack     at Process.ChildProcess._handle.onexit (internal/child_process.js:209:5)
15 verbose pkgid meanauthapp@1.0.0
16 verbose cwd G:\view-app\heroku\murmuring-meadow-44208
17 error Windows_NT 6.3.9600
18 error argv "C:\\Program Files\\nodejs\\node.exe" "C:\\Users\\shekharsuman\\AppData\\Roaming\\npm\\node_modules\\npm\\bin\\npm-cli.js" "run" "start"
19 error node v8.11.1
20 error npm  v3.10.8
21 error code ELIFECYCLE
22 error meanauthapp@1.0.0 start: `node app`
22 error Exit status 1
23 error Failed at the meanauthapp@1.0.0 start script 'node app'.
23 error Make sure you have the latest version of node.js and npm installed.
23 error If you do, this is most likely a problem with the meanauthapp package,
23 error not with npm itself.
23 error Tell the author that this fails on your system:
23 error     node app
23 error You can get information on how to open an issue for this project with:
23 error     npm bugs meanauthapp
23 error Or if that isn't available, you can get their info via:
23 error     npm owner ls meanauthapp
23 error There is likely additional logging output above.
24 verbose exit [ 1, true ]
